{"E:\\1POLINEMA\\Semester 5\\Pengujian Perangkat Lunak\\simple_cart\\src\\helpers.js": {"path":"E:\\1POLINEMA\\Semester 5\\Pengujian Perangkat Lunak\\simple_cart\\src\\helpers.js","statementMap":{"0":{"start":{"line":1,"column":21},"end":{"line":7,"column":1}},"1":{"start":{"line":2,"column":4},"end":{"line":6,"column":5}},"2":{"start":{"line":3,"column":8},"end":{"line":3,"column":19}},"3":{"start":{"line":5,"column":8},"end":{"line":5,"column":33}},"4":{"start":{"line":8,"column":21},"end":{"line":18,"column":1}},"5":{"start":{"line":9,"column":4},"end":{"line":17,"column":5}},"6":{"start":{"line":10,"column":8},"end":{"line":10,"column":19}},"7":{"start":{"line":12,"column":8},"end":{"line":16,"column":9}},"8":{"start":{"line":13,"column":12},"end":{"line":13,"column":21}},"9":{"start":{"line":15,"column":12},"end":{"line":15,"column":37}},"10":{"start":{"line":19,"column":28},"end":{"line":31,"column":1}},"11":{"start":{"line":20,"column":19},"end":{"line":20,"column":43}},"12":{"start":{"line":21,"column":17},"end":{"line":21,"column":43}},"13":{"start":{"line":22,"column":4},"end":{"line":30,"column":5}},"14":{"start":{"line":23,"column":8},"end":{"line":23,"column":31}},"15":{"start":{"line":25,"column":8},"end":{"line":29,"column":9}},"16":{"start":{"line":26,"column":12},"end":{"line":26,"column":23}},"17":{"start":{"line":28,"column":12},"end":{"line":28,"column":50}},"18":{"start":{"line":32,"column":25},"end":{"line":41,"column":1}},"19":{"start":{"line":33,"column":4},"end":{"line":40,"column":5}},"20":{"start":{"line":34,"column":23},"end":{"line":34,"column":56}},"21":{"start":{"line":35,"column":8},"end":{"line":37,"column":9}},"22":{"start":{"line":36,"column":12},"end":{"line":36,"column":68}},"23":{"start":{"line":39,"column":8},"end":{"line":39,"column":24}},"24":{"start":{"line":42,"column":24},"end":{"line":54,"column":1}},"25":{"start":{"line":43,"column":19},"end":{"line":43,"column":34}},"26":{"start":{"line":44,"column":19},"end":{"line":44,"column":34}},"27":{"start":{"line":45,"column":4},"end":{"line":53,"column":5}},"28":{"start":{"line":46,"column":8},"end":{"line":46,"column":31}},"29":{"start":{"line":48,"column":8},"end":{"line":52,"column":9}},"30":{"start":{"line":49,"column":12},"end":{"line":49,"column":37}},"31":{"start":{"line":51,"column":12},"end":{"line":51,"column":39}},"32":{"start":{"line":56,"column":0},"end":{"line":62,"column":2}}},"fnMap":{"0":{"name":"(anonymous_0)","decl":{"start":{"line":1,"column":21},"end":{"line":1,"column":22}},"loc":{"start":{"line":1,"column":30},"end":{"line":7,"column":1}},"line":1},"1":{"name":"(anonymous_1)","decl":{"start":{"line":8,"column":21},"end":{"line":8,"column":22}},"loc":{"start":{"line":8,"column":30},"end":{"line":18,"column":1}},"line":8},"2":{"name":"(anonymous_2)","decl":{"start":{"line":19,"column":28},"end":{"line":19,"column":29}},"loc":{"start":{"line":19,"column":44},"end":{"line":31,"column":1}},"line":19},"3":{"name":"(anonymous_3)","decl":{"start":{"line":32,"column":25},"end":{"line":32,"column":26}},"loc":{"start":{"line":32,"column":50},"end":{"line":41,"column":1}},"line":32},"4":{"name":"(anonymous_4)","decl":{"start":{"line":42,"column":24},"end":{"line":42,"column":25}},"loc":{"start":{"line":42,"column":42},"end":{"line":54,"column":1}},"line":42}},"branchMap":{"0":{"loc":{"start":{"line":2,"column":4},"end":{"line":6,"column":5}},"type":"if","locations":[{"start":{"line":2,"column":4},"end":{"line":6,"column":5}},{"start":{"line":2,"column":4},"end":{"line":6,"column":5}}],"line":2},"1":{"loc":{"start":{"line":9,"column":4},"end":{"line":17,"column":5}},"type":"if","locations":[{"start":{"line":9,"column":4},"end":{"line":17,"column":5}},{"start":{"line":9,"column":4},"end":{"line":17,"column":5}}],"line":9},"2":{"loc":{"start":{"line":12,"column":8},"end":{"line":16,"column":9}},"type":"if","locations":[{"start":{"line":12,"column":8},"end":{"line":16,"column":9}},{"start":{"line":12,"column":8},"end":{"line":16,"column":9}}],"line":12},"3":{"loc":{"start":{"line":22,"column":4},"end":{"line":30,"column":5}},"type":"if","locations":[{"start":{"line":22,"column":4},"end":{"line":30,"column":5}},{"start":{"line":22,"column":4},"end":{"line":30,"column":5}}],"line":22},"4":{"loc":{"start":{"line":22,"column":8},"end":{"line":22,"column":70}},"type":"binary-expr","locations":[{"start":{"line":22,"column":8},"end":{"line":22,"column":22}},{"start":{"line":22,"column":26},"end":{"line":22,"column":39}},{"start":{"line":22,"column":43},"end":{"line":22,"column":55}},{"start":{"line":22,"column":59},"end":{"line":22,"column":70}}],"line":22},"5":{"loc":{"start":{"line":25,"column":8},"end":{"line":29,"column":9}},"type":"if","locations":[{"start":{"line":25,"column":8},"end":{"line":29,"column":9}},{"start":{"line":25,"column":8},"end":{"line":29,"column":9}}],"line":25},"6":{"loc":{"start":{"line":33,"column":4},"end":{"line":40,"column":5}},"type":"if","locations":[{"start":{"line":33,"column":4},"end":{"line":40,"column":5}},{"start":{"line":33,"column":4},"end":{"line":40,"column":5}}],"line":33},"7":{"loc":{"start":{"line":33,"column":8},"end":{"line":33,"column":86}},"type":"binary-expr","locations":[{"start":{"line":33,"column":8},"end":{"line":33,"column":53}},{"start":{"line":33,"column":57},"end":{"line":33,"column":86}}],"line":33},"8":{"loc":{"start":{"line":35,"column":8},"end":{"line":37,"column":9}},"type":"if","locations":[{"start":{"line":35,"column":8},"end":{"line":37,"column":9}},{"start":{"line":35,"column":8},"end":{"line":37,"column":9}}],"line":35},"9":{"loc":{"start":{"line":35,"column":12},"end":{"line":35,"column":62}},"type":"binary-expr","locations":[{"start":{"line":35,"column":12},"end":{"line":35,"column":26}},{"start":{"line":35,"column":30},"end":{"line":35,"column":44}},{"start":{"line":35,"column":48},"end":{"line":35,"column":62}}],"line":35},"10":{"loc":{"start":{"line":45,"column":4},"end":{"line":53,"column":5}},"type":"if","locations":[{"start":{"line":45,"column":4},"end":{"line":53,"column":5}},{"start":{"line":45,"column":4},"end":{"line":53,"column":5}}],"line":45},"11":{"loc":{"start":{"line":45,"column":8},"end":{"line":45,"column":100}},"type":"binary-expr","locations":[{"start":{"line":45,"column":8},"end":{"line":45,"column":33}},{"start":{"line":45,"column":37},"end":{"line":45,"column":62}},{"start":{"line":45,"column":66},"end":{"line":45,"column":81}},{"start":{"line":45,"column":85},"end":{"line":45,"column":100}}],"line":45},"12":{"loc":{"start":{"line":48,"column":8},"end":{"line":52,"column":9}},"type":"if","locations":[{"start":{"line":48,"column":8},"end":{"line":52,"column":9}},{"start":{"line":48,"column":8},"end":{"line":52,"column":9}}],"line":48}},"s":{"0":1,"1":2,"2":1,"3":1,"4":1,"5":3,"6":1,"7":2,"8":2,"9":0,"10":1,"11":7,"12":7,"13":7,"14":3,"15":4,"16":1,"17":3,"18":1,"19":5,"20":3,"21":3,"22":3,"23":2,"24":1,"25":8,"26":8,"27":8,"28":2,"29":6,"30":1,"31":5,"32":1},"f":{"0":2,"1":3,"2":7,"3":5,"4":8},"b":{"0":[1,1],"1":[1,2],"2":[2,0],"3":[3,4],"4":[7,5,5,4],"5":[1,3],"6":[3,2],"7":[5,3],"8":[3,0],"9":[3,2,1],"10":[2,6],"11":[8,7,7,6],"12":[1,5]},"_coverageSchema":"332fd63041d2c1bcb487cc26dd0d5f7d97098a6c","hash":"711bb3f55dc9cf705238357ae2c556f6f3a06461"}
}
