TN:
SF:E:\1POLINEMA\Semester 5\Pengujian Perangkat Lunak\simple_cart\src\helpers.js
FN:1,(anonymous_0)
FN:8,(anonymous_1)
FN:19,(anonymous_2)
FN:32,(anonymous_3)
FN:42,(anonymous_4)
FNF:5
FNH:5
FNDA:2,(anonymous_0)
FNDA:3,(anonymous_1)
FNDA:7,(anonymous_2)
FNDA:5,(anonymous_3)
FNDA:8,(anonymous_4)
DA:1,1
DA:2,2
DA:3,1
DA:5,1
DA:8,1
DA:9,3
DA:10,1
DA:12,2
DA:13,2
DA:15,0
DA:19,1
DA:20,7
DA:21,7
DA:22,7
DA:23,3
DA:25,4
DA:26,1
DA:28,3
DA:32,1
DA:33,5
DA:34,3
DA:35,3
DA:36,3
DA:39,2
DA:42,1
DA:43,8
DA:44,8
DA:45,8
DA:46,2
DA:48,6
DA:49,1
DA:51,5
DA:56,1
LF:33
LH:32
BRDA:2,0,0,1
BRDA:2,0,1,1
BRDA:9,1,0,1
BRDA:9,1,1,2
BRDA:12,2,0,2
BRDA:12,2,1,0
BRDA:22,3,0,3
BRDA:22,3,1,4
BRDA:22,4,0,7
BRDA:22,4,1,5
BRDA:22,4,2,5
BRDA:22,4,3,4
BRDA:25,5,0,1
BRDA:25,5,1,3
BRDA:33,6,0,3
BRDA:33,6,1,2
BRDA:33,7,0,5
BRDA:33,7,1,3
BRDA:35,8,0,3
BRDA:35,8,1,0
BRDA:35,9,0,3
BRDA:35,9,1,2
BRDA:35,9,2,1
BRDA:45,10,0,2
BRDA:45,10,1,6
BRDA:45,11,0,8
BRDA:45,11,1,7
BRDA:45,11,2,7
BRDA:45,11,3,6
BRDA:48,12,0,1
BRDA:48,12,1,5
BRF:31
BRH:29
end_of_record
